LoveLankao/app/build/outputs/mapping/debug/seeds.txt
cn.lankao.com.lovelankao.BuildConfig
cn.lankao.com.lovelankao.BuildConfig: boolean DEBUG
cn.lankao.com.lovelankao.BuildConfig: java.lang.String APPLICATION_ID
cn.lankao.com.lovelankao.BuildConfig: java.lang.String BUILD_TYPE
cn.lankao.com.lovelankao.BuildConfig: java.lang.String FLAVOR
cn.lankao.com.lovelankao.BuildConfig: int VERSION_CODE
cn.lankao.com.lovelankao.BuildConfig: java.lang.String VERSION_NAME
cn.lankao.com.lovelankao.BuildConfig: BuildConfig()
cn.lankao.com.lovelankao.BuildConfig: void <clinit>()
cn.lankao.com.lovelankao.LApplication
cn.lankao.com.lovelankao.LApplication: android.content.Context context
cn.lankao.com.lovelankao.LApplication: LApplication()
cn.lankao.com.lovelankao.LApplication: void onCreate()
cn.lankao.com.lovelankao.LApplication: android.content.Context getCtx()
cn.lankao.com.lovelankao.Manifest
cn.lankao.com.lovelankao.Manifest: Manifest()
cn.lankao.com.lovelankao.Manifest$permission
cn.lankao.com.lovelankao.Manifest$permission: java.lang.String lovelankao
cn.lankao.com.lovelankao.Manifest$permission: Manifest$permission()
cn.lankao.com.lovelankao.R
cn.lankao.com.lovelankao.R: R()
cn.lankao.com.lovelankao.R$anim
cn.lankao.com.lovelankao.R$anim: int abc_fade_in
cn.lankao.com.lovelankao.R$anim: int abc_fade_out
cn.lankao.com.lovelankao.R$anim: int abc_grow_fade_in_from_bottom
cn.lankao.com.lovelankao.R$anim: int abc_popup_enter
cn.lankao.com.lovelankao.R$anim: int abc_popup_exit
cn.lankao.com.lovelankao.R$anim: int abc_shrink_fade_out_from_bottom
cn.lankao.com.lovelankao.R$anim: int abc_slide_in_bottom
cn.lankao.com.lovelankao.R$anim: int abc_slide_in_top
cn.lankao.com.lovelankao.R$anim: int abc_slide_out_bottom
cn.lankao.com.lovelankao.R$anim: int abc_slide_out_top
cn.lankao.com.lovelankao.R$anim: int design_fab_in
cn.lankao.com.lovelankao.R$anim: int design_fab_out
cn.lankao.com.lovelankao.R$anim: int design_snackbar_in
cn.lankao.com.lovelankao.R$anim: int design_snackbar_out
cn.lankao.com.lovelankao.R$anim: int popwin_share_enter
cn.lankao.com.lovelankao.R$anim: int popwin_share_exit
cn.lankao.com.lovelankao.R$anim: R$anim()
cn.lankao.com.lovelankao.R$attr
cn.lankao.com.lovelankao.R$attr: int actionBarDivider
cn.lankao.com.lovelankao.R$attr: int actionBarItemBackground
cn.lankao.com.lovelankao.R$attr: int actionBarPopupTheme
cn.lankao.com.lovelankao.R$attr: int actionBarSize
cn.lankao.com.lovelankao.R$attr: int actionBarSplitStyle
cn.lankao.com.lovelankao.R$attr: int actionBarStyle
cn.lankao.com.lovelankao.R$attr: int actionBarTabBarStyle
cn.lankao.com.lovelankao.R$attr: int actionBarTabStyle
cn.lankao.com.lovelankao.R$attr: int actionBarTabTextStyle
cn.lankao.com.lovelankao.R$attr: int actionBarTheme
cn.lankao.com.lovelankao.R$attr: int actionBarWidgetTheme
cn.lankao.com.lovelankao.R$attr: int actionButtonStyle
cn.lankao.com.lovelankao.R$attr: int actionDropDownStyle
cn.lankao.com.lovelankao.R$attr: int actionLayout
cn.lankao.com.lovelankao.R$attr: int actionMenuTextAppearance
cn.lankao.com.lovelankao.R$attr: int actionMenuTextColor
cn.lankao.com.lovelankao.R$attr: int actionModeBackground
cn.lankao.com.lovelankao.R$attr: int actionModeCloseButtonStyle
cn.lankao.com.lovelankao.R$attr: int actionModeCloseDrawable
cn.lankao.com.lovelankao.R$attr: int actionModeCopyDrawable
cn.lankao.com.lovelankao.R$attr: int actionModeCutDrawable
cn.lankao.com.lovelankao.R$attr: int actionModeFindDrawable
cn.lankao.com.lovelankao.R$attr: int actionModePasteDrawable
cn.lankao.com.lovelankao.R$attr: int actionModePopupWindowStyle
cn.lankao.com.lovelankao.R$attr: int actionModeSelectAllDrawable
...
rx.internal.operators.OperatorDelay
rx.internal.operators.OperatorDelay: long delay
rx.internal.operators.OperatorDelay: java.util.concurrent.TimeUnit unit
rx.internal.operators.OperatorDelay: rx.Scheduler scheduler
rx.internal.operators.OperatorDelay: OperatorDelay(long,java.util.concurrent.TimeUnit,rx.Scheduler)
rx.internal.operators.OperatorDelay: rx.Subscriber call(rx.Subscriber)
rx.internal.operators.OperatorDelay: java.lang.Object call(java.lang.Object)
rx.internal.operators.OperatorDelay$1
rx.internal.operators.OperatorDelay$1: boolean done
rx.internal.operators.OperatorDelay$1: rx.Scheduler$Worker val$worker
rx.internal.operators.OperatorDelay$1: rx.Subscriber val$child
rx.internal.operators.OperatorDelay$1: rx.internal.operators.OperatorDelay this$0
rx.internal.operators.OperatorDelay$1: OperatorDelay$1(rx.internal.operators.OperatorDelay,rx.Subscriber,rx.Scheduler$Worker,rx.Subscriber)
rx.internal.operators.OperatorDelay$1: void onCompleted()
rx.internal.operators.OperatorDelay$1: void onError(java.lang.Throwable)
rx.internal.operators.OperatorDelay$1: void onNext(java.lang.Object)
rx.internal.operators.OperatorDelay$1$1
rx.internal.operators.OperatorDelay$1$1: rx.internal.operators.OperatorDelay$1 this$1
rx.internal.operators.OperatorDelay$1$1: OperatorDelay$1$1(rx.internal.operators.OperatorDelay$1)
rx.internal.operators.OperatorDelay$1$1: void call()
rx.internal.operators.OperatorDelay$1$2
rx.internal.operators.OperatorDelay$1$2: java.lang.Throwable val$e
rx.internal.operators.OperatorDelay$1$2: rx.internal.operators.OperatorDelay$1 this$1
rx.internal.operators.OperatorDelay$1$2: OperatorDelay$1$2(rx.internal.operators.OperatorDelay$1,java.lang.Throwable)
rx.internal.operators.OperatorDelay$1$2: void call()
rx.internal.operators.OperatorDelay$1$3
rx.internal.operators.OperatorDelay$1$3: java.lang.Object val$t
rx.internal.operators.OperatorDelay$1$3: rx.internal.operators.OperatorDelay$1 this$1
rx.internal.operators.OperatorDelay$1$3: OperatorDelay$1$3(rx.internal.operators.OperatorDelay$1,java.lang.Object)
rx.internal.operators.OperatorDelay$1$3: void call()
rx.internal.operators.OperatorDelayWithSelector
rx.internal.operators.OperatorDelayWithSelector: rx.Observable source
rx.internal.operators.OperatorDelayWithSelector: rx.functions.Func1 itemDelay
rx.internal.operators.OperatorDelayWithSelector: OperatorDelayWithSelector(rx.Observable,rx.functions.Func1)
rx.internal.operators.OperatorDelayWithSelector: rx.Subscriber call(rx.Subscriber)
rx.internal.operators.OperatorDelayWithSelector: java.lang.Object call(java.lang.Object)
rx.internal.operators.OperatorDelayWithSelector$1
rx.internal.operators.OperatorDelayWithSelector$1: rx.subjects.PublishSubject val$delayedEmissions
rx.internal.operators.OperatorDelayWithSelector$1: rx.observers.SerializedSubscriber val$child
rx.internal.operators.OperatorDelayWithSelector$1: rx.internal.operators.OperatorDelayWithSelector this$0
rx.internal.operators.OperatorDelayWithSelector$1: OperatorDelayWithSelector$1(rx.internal.operators.OperatorDelayWithSelector,rx.Subscriber,rx.subjects.PublishSubject,rx.observers.SerializedSubscriber)
rx.internal.operators.OperatorDelayWithSelector$1: void onCompleted()
rx.internal.operators.OperatorDelayWithSelector$1: void onError(java.lang.Throwable)
rx.internal.operators.OperatorDelayWithSelector$1: void onNext(java.lang.Object)
rx.internal.operators.OperatorDelayWithSelector$1$1
rx.internal.operators.OperatorDelayWithSelector$1$1: java.lang.Object val$t
rx.internal.operators.OperatorDelayWithSelector$1$1: rx.internal.operators.OperatorDelayWithSelector$1 this$1
rx.internal.operators.OperatorDelayWithSelector$1$1: OperatorDelayWithSelector$1$1(rx.internal.operators.OperatorDelayWithSelector$1,java.lang.Object)
rx.internal.operators.OperatorDelayWithSelector$1$1: java.lang.Object call(java.lang.Object)