LoveLankao/app/build/outputs/mapping/debug/mapping.txt
cn.lankao.com.lovelankao.BuildConfig -> cn.lankao.com.lovelankao.BuildConfig:
    boolean DEBUG -> DEBUG
    java.lang.String APPLICATION_ID -> APPLICATION_ID
    java.lang.String BUILD_TYPE -> BUILD_TYPE
    java.lang.String FLAVOR -> FLAVOR
    int VERSION_CODE -> VERSION_CODE
    java.lang.String VERSION_NAME -> VERSION_NAME
    void <init>() -> <init>
    void <clinit>() -> <clinit>
cn.lankao.com.lovelankao.LApplication -> cn.lankao.com.lovelankao.LApplication:
    android.content.Context context -> context
    void <init>() -> <init>
    void onCreate() -> onCreate
    android.content.Context getCtx() -> getCtx
cn.lankao.com.lovelankao.Manifest -> cn.lankao.com.lovelankao.Manifest:
    void <init>() -> <init>
cn.lankao.com.lovelankao.Manifest$permission -> cn.lankao.com.lovelankao.Manifest$permission:
    java.lang.String lovelankao -> lovelankao
    void <init>() -> <init>
cn.lankao.com.lovelankao.R -> cn.lankao.com.lovelankao.R:
    void <init>() -> <init>
cn.lankao.com.lovelankao.R$anim -> cn.lankao.com.lovelankao.R$anim:
    int abc_fade_in -> abc_fade_in
    int abc_fade_out -> abc_fade_out
    int abc_grow_fade_in_from_bottom -> abc_grow_fade_in_from_bottom
    int abc_popup_enter -> abc_popup_enter
    int abc_popup_exit -> abc_popup_exit
    int abc_shrink_fade_out_from_bottom -> abc_shrink_fade_out_from_bottom
    int abc_slide_in_bottom -> abc_slide_in_bottom
    int abc_slide_in_top -> abc_slide_in_top
    int abc_slide_out_bottom -> abc_slide_out_bottom
    int abc_slide_out_top -> abc_slide_out_top
    int design_fab_in -> design_fab_in
    int design_fab_out -> design_fab_out
    int design_snackbar_in -> design_snackbar_in
    int design_snackbar_out -> design_snackbar_out
    int popwin_share_enter -> popwin_share_enter
    int popwin_share_exit -> popwin_share_exit
    void <init>() -> <init>
cn.lankao.com.lovelankao.R$attr -> cn.lankao.com.lovelankao.R$attr:
    int actionBarDivider -> actionBarDivider
    int actionBarItemBackground -> actionBarItemBackground
    int actionBarPopupTheme -> actionBarPopupTheme
    int actionBarSize -> actionBarSize
    int actionBarSplitStyle -> actionBarSplitStyle
    int actionBarStyle -> actionBarStyle
    int actionBarTabBarStyle -> actionBarTabBarStyle
    int actionBarTabStyle -> actionBarTabStyle
    int actionBarTabTextStyle -> actionBarTabTextStyle
    int actionBarTheme -> actionBarTheme
    int actionBarWidgetTheme -> actionBarWidgetTheme
    int actionButtonStyle -> actionButtonStyle
    int actionDropDownStyle -> actionDropDownStyle
    int actionLayout -> actionLayout
    int actionMenuTextAppearance -> actionMenuTextAppearance
    int actionMenuTextColor -> actionMenuTextColor
    int actionModeBackground -> actionModeBackground
    int actionModeCloseButtonStyle -> actionModeCloseButtonStyle
    int actionModeCloseDrawable -> actionModeCloseDrawable
    int actionModeCopyDrawable -> actionModeCopyDrawable
    int actionModeCutDrawable -> actionModeCutDrawable
    int actionModeFindDrawable -> actionModeFindDrawable
    int actionModePasteDrawable -> actionModePasteDrawable
    int actionModePopupWindowStyle -> actionModePopupWindowStyle
    int actionModeSelectAllDrawable -> actionModeSelectAllDrawable
    int actionModeShareDrawable -> actionModeShareDrawable
...
org.greenrobot.eventbus.AsyncPoster -> org.greenrobot.eventbus.AsyncPoster:
    org.greenrobot.eventbus.PendingPostQueue queue -> queue
    org.greenrobot.eventbus.EventBus eventBus -> eventBus
    void <init>(org.greenrobot.eventbus.EventBus) -> <init>
    void enqueue(org.greenrobot.eventbus.Subscription,java.lang.Object) -> enqueue
    void run() -> run
org.greenrobot.eventbus.BackgroundPoster -> org.greenrobot.eventbus.BackgroundPoster:
    org.greenrobot.eventbus.PendingPostQueue queue -> queue
    org.greenrobot.eventbus.EventBus eventBus -> eventBus
    boolean executorRunning -> executorRunning
    void <init>(org.greenrobot.eventbus.EventBus) -> <init>
    void enqueue(org.greenrobot.eventbus.Subscription,java.lang.Object) -> enqueue
    void run() -> run
org.greenrobot.eventbus.EventBus -> org.greenrobot.eventbus.EventBus:
    java.lang.String TAG -> TAG
    org.greenrobot.eventbus.EventBus defaultInstance -> defaultInstance
    org.greenrobot.eventbus.EventBusBuilder DEFAULT_BUILDER -> DEFAULT_BUILDER
    java.util.Map eventTypesCache -> eventTypesCache
    java.util.Map subscriptionsByEventType -> subscriptionsByEventType
    java.util.Map typesBySubscriber -> typesBySubscriber
    java.util.Map stickyEvents -> stickyEvents
    java.lang.ThreadLocal currentPostingThreadState -> currentPostingThreadState
    org.greenrobot.eventbus.HandlerPoster mainThreadPoster -> mainThreadPoster
    org.greenrobot.eventbus.BackgroundPoster backgroundPoster -> backgroundPoster
    org.greenrobot.eventbus.AsyncPoster asyncPoster -> asyncPoster
    org.greenrobot.eventbus.SubscriberMethodFinder subscriberMethodFinder -> subscriberMethodFinder
    java.util.concurrent.ExecutorService executorService -> executorService
    boolean throwSubscriberException -> throwSubscriberException
    boolean logSubscriberExceptions -> logSubscriberExceptions
    boolean logNoSubscriberMessages -> logNoSubscriberMessages
    boolean sendSubscriberExceptionEvent -> sendSubscriberExceptionEvent
    boolean sendNoSubscriberEvent -> sendNoSubscriberEvent
    boolean eventInheritance -> eventInheritance
    int indexCount -> indexCount
    org.greenrobot.eventbus.EventBus getDefault() -> getDefault
    org.greenrobot.eventbus.EventBusBuilder builder() -> builder
org.greenrobot.eventbus.EventBus$1 -> org.greenrobot.eventbus.EventBus$1:
    org.greenrobot.eventbus.EventBus this$0 -> this$0
    void <init>(org.greenrobot.eventbus.EventBus) -> <init>
    org.greenrobot.eventbus.EventBus$PostingThreadState initialValue() -> initialValue
    java.lang.Object initialValue() -> initialValue
org.greenrobot.eventbus.EventBus$2 -> org.greenrobot.eventbus.EventBus$2:
    int[] $SwitchMap$org$greenrobot$eventbus$ThreadMode -> $SwitchMap$org$greenrobot$eventbus$ThreadMode
    void <clinit>() -> <clinit>
org.greenrobot.eventbus.EventBus$PostCallback -> org.greenrobot.eventbus.EventBus$PostCallback:
    void onPostCompleted(java.util.List) -> onPostCompleted
org.greenrobot.eventbus.EventBus$PostingThreadState -> org.greenrobot.eventbus.EventBus$PostingThreadState:
    java.util.List eventQueue -> eventQueue
    boolean isPosting -> isPosting
    boolean isMainThread -> isMainThread
    org.greenrobot.eventbus.Subscription subscription -> subscription
    java.lang.Object event -> event
    boolean canceled -> canceled
    void <init>() -> <init>